<?xml version="1.0" encoding="utf-8"?><testsuites name="pytest tests"><testsuite name="pytest" errors="0" failures="0" skipped="0" tests="8" time="0.964" timestamp="2026-04-20T15:47:30.711981+00:00" hostname="agent-env-df5e92b0-6ea2-4e77-bd6a-73a61d21b30e"><testcase classname="backend.tests.test_race_api.TestRace" name="test_get_race" time="0.251" /><testcase classname="backend.tests.test_race_api.TestHorses" name="test_list_horses" time="0.052" /><testcase classname="backend.tests.test_race_api.TestHorses" name="test_get_horse_8" time="0.053" /><testcase classname="backend.tests.test_race_api.TestHorses" name="test_get_horse_999_404" time="0.045" /><testcase classname="backend.tests.test_race_api.TestPredictions" name="test_predictions" time="0.054" /><testcase classname="backend.tests.test_race_api.TestResults" name="test_results" time="0.045" /><testcase classname="backend.tests.test_race_api.TestFavorites" name="test_add_list_delete_favorite" time="0.276" /><testcase classname="backend.tests.test_race_api.TestFavorites" name="test_invalid_horse_number" time="0.049" /></testsuite></testsuites>