<?xml version="1.0" encoding="utf-8"?><testsuites name="pytest tests"><testsuite name="pytest" errors="0" failures="0" skipped="0" tests="26" time="1.940" timestamp="2026-04-20T22:25:37.807012+00:00" hostname="agent-env-df5e92b0-6ea2-4e77-bd6a-73a61d21b30e"><testcase classname="backend.tests.test_multi_race_api.TestRacesList" name="test_list_paginated" time="0.259" /><testcase classname="backend.tests.test_multi_race_api.TestRacesList" name="test_list_filter_q_pavillon" time="0.057" /><testcase classname="backend.tests.test_multi_race_api.TestRaceDetail" name="test_get_current" time="0.069" /><testcase classname="backend.tests.test_multi_race_api.TestRaceDetail" name="test_get_by_id" time="0.056" /><testcase classname="backend.tests.test_multi_race_api.TestRaceDetail" name="test_unknown_id_404" time="0.061" /><testcase classname="backend.tests.test_multi_race_api.TestLegacy" name="test_legacy_race" time="0.053" /><testcase classname="backend.tests.test_multi_race_api.TestLegacy" name="test_legacy_horses" time="0.057" /><testcase classname="backend.tests.test_multi_race_api.TestLegacy" name="test_legacy_horse_detail" time="0.067" /><testcase classname="backend.tests.test_multi_race_api.TestLegacy" name="test_legacy_predictions" time="0.056" /><testcase classname="backend.tests.test_multi_race_api.TestLegacy" name="test_legacy_results" time="0.070" /><testcase classname="backend.tests.test_multi_race_api.TestSearch" name="test_search_marinaleda" time="0.068" /><testcase classname="backend.tests.test_multi_race_api.TestSearch" name="test_search_pouchin_jockey" time="0.058" /><testcase classname="backend.tests.test_multi_race_api.TestSearch" name="test_search_too_short_422" time="0.055" /><testcase classname="backend.tests.test_multi_race_api.TestHorseStats" name="test_stats_zulu_warrior" time="0.055" /><testcase classname="backend.tests.test_multi_race_api.TestHorseStats" name="test_stats_not_found" time="0.055" /><testcase classname="backend.tests.test_multi_race_api.TestTipsters" name="test_tipsters_leaderboard" time="0.057" /><testcase classname="backend.tests.test_multi_race_api.TestAdmin" name="test_verify_ok" time="0.057" /><testcase classname="backend.tests.test_multi_race_api.TestAdmin" name="test_verify_wrong_passcode" time="0.057" /><testcase classname="backend.tests.test_multi_race_api.TestAdmin" name="test_verify_missing_passcode" time="0.061" /><testcase classname="backend.tests.test_multi_race_api.TestAdmin" name="test_upload_without_passcode_401" time="0.061" /><testcase classname="backend.tests.test_multi_race_api.TestAdmin" name="test_upload_non_pdf_400" time="0.070" /><testcase classname="backend.tests.test_multi_race_api.TestAdmin" name="test_set_current_unknown_404" time="0.056" /><testcase classname="backend.tests.test_multi_race_api.TestAdmin" name="test_set_current_valid" time="0.112" /><testcase classname="backend.tests.test_multi_race_api.TestAdmin" name="test_set_current_wrong_passcode" time="0.053" /><testcase classname="backend.tests.test_multi_race_api.TestAdmin" name="test_delete_unknown_404" time="0.064" /><testcase classname="backend.tests.test_multi_race_api.TestAdmin" name="test_delete_without_passcode_401" time="0.054" /></testsuite></testsuites>